<?xml version="1.0" encoding="UTF-8"?>
<!-- Generated by org.testng.reporters.JUnitReportReporter -->
<testsuite hostname="RitSanEvan" failures="0" tests="1" name="restAssured.TEST_GET" time="2.643" errors="0" timestamp="2023-05-19T22:17:05 CDT" skipped="0">
  <testcase classname="restAssured.TEST_GET" name="test_1" time="2.643"/>
  <system-out/>
</testsuite> <!-- restAssured.TEST_GET -->
